2021-12-31 14:32:53.066  INFO 7780 --- [main] l.u.SpringBootBoilerplateApplication     : Starting SpringBootBoilerplateApplication on LAPTOP-BBM9SKG0 with PID 7780 (C:\Dev\final-project-bcbni\user-service\target\classes started by ASUS in C:\Dev\final-project-bcbni\user-service)
2021-12-31 14:32:53.080  INFO 7780 --- [main] l.u.SpringBootBoilerplateApplication     : No active profile set, falling back to default profiles: default
2021-12-31 14:32:54.460  INFO 7780 --- [main] .s.d.r.c.RepositoryConfigurationDelegate : Bootstrapping Spring Data JPA repositories in DEFAULT mode.
2021-12-31 14:32:54.569  INFO 7780 --- [main] .s.d.r.c.RepositoryConfigurationDelegate : Finished Spring Data repository scanning in 92ms. Found 1 JPA repository interfaces.
2021-12-31 14:32:55.633  INFO 7780 --- [main] trationDelegate$BeanPostProcessorChecker : Bean 'org.springframework.security.access.expression.method.DefaultMethodSecurityExpressionHandler@4735d6e5' of type [org.springframework.security.access.expression.method.DefaultMethodSecurityExpressionHandler] is not eligible for getting processed by all BeanPostProcessors (for example: not eligible for auto-proxying)
2021-12-31 14:32:55.642  INFO 7780 --- [main] trationDelegate$BeanPostProcessorChecker : Bean 'methodSecurityMetadataSource' of type [org.springframework.security.access.method.DelegatingMethodSecurityMetadataSource] is not eligible for getting processed by all BeanPostProcessors (for example: not eligible for auto-proxying)
2021-12-31 14:32:56.322  INFO 7780 --- [main] o.s.b.w.embedded.tomcat.TomcatWebServer  : Tomcat initialized with port(s): 8080 (http)
2021-12-31 14:32:56.349  INFO 7780 --- [main] o.apache.catalina.core.StandardService   : Starting service [Tomcat]
2021-12-31 14:32:56.350  INFO 7780 --- [main] org.apache.catalina.core.StandardEngine  : Starting Servlet engine: [Apache Tomcat/9.0.37]
2021-12-31 14:32:56.712  INFO 7780 --- [main] o.a.c.c.C.[Tomcat].[localhost].[/]       : Initializing Spring embedded WebApplicationContext
2021-12-31 14:32:56.713  INFO 7780 --- [main] w.s.c.ServletWebServerApplicationContext : Root WebApplicationContext: initialization completed in 3538 ms
2021-12-31 14:32:57.303  INFO 7780 --- [main] o.hibernate.jpa.internal.util.LogHelper  : HHH000204: Processing PersistenceUnitInfo [name: default]
2021-12-31 14:32:57.418  INFO 7780 --- [main] org.hibernate.Version                    : HHH000412: Hibernate ORM core version 5.4.20.Final
2021-12-31 14:32:57.737  INFO 7780 --- [main] o.hibernate.annotations.common.Version   : HCANN000001: Hibernate Commons Annotations {5.1.0.Final}
2021-12-31 14:32:57.929  INFO 7780 --- [main] com.zaxxer.hikari.HikariDataSource       : HikariPool-1 - Starting...
2021-12-31 14:32:58.563  INFO 7780 --- [main] com.zaxxer.hikari.HikariDataSource       : HikariPool-1 - Start completed.
2021-12-31 14:32:58.653  INFO 7780 --- [main] org.hibernate.dialect.Dialect            : HHH000400: Using dialect: org.hibernate.dialect.PostgreSQL10Dialect
2021-12-31 14:33:00.187  INFO 7780 --- [main] o.h.e.t.j.p.i.JtaPlatformInitiator       : HHH000490: Using JtaPlatform implementation: [org.hibernate.engine.transaction.jta.platform.internal.NoJtaPlatform]
2021-12-31 14:33:00.207  INFO 7780 --- [main] j.LocalContainerEntityManagerFactoryBean : Initialized JPA EntityManagerFactory for persistence unit 'default'
2021-12-31 14:33:00.973  WARN 7780 --- [main] JpaBaseConfiguration$JpaWebConfiguration : spring.jpa.open-in-view is enabled by default. Therefore, database queries may be performed during view rendering. Explicitly configure spring.jpa.open-in-view to disable this warning
2021-12-31 14:33:02.127  INFO 7780 --- [main] o.s.b.a.e.web.EndpointLinksResolver      : Exposing 14 endpoint(s) beneath base path '/actuator'
2021-12-31 14:33:02.543  INFO 7780 --- [main] pertySourcedRequestMappingHandlerMapping : Mapped URL path [/v2/api-docs] onto method [springfox.documentation.swagger2.web.Swagger2Controller#getDocumentation(String, HttpServletRequest)]
2021-12-31 14:33:02.730  INFO 7780 --- [main] o.s.s.web.DefaultSecurityFilterChain     : Creating filter chain: any request, [org.springframework.security.web.context.request.async.WebAsyncManagerIntegrationFilter@2ee5fe1e, org.springframework.security.web.context.SecurityContextPersistenceFilter@28b286c0, org.springframework.security.web.header.HeaderWriterFilter@1a4c6e74, org.springframework.web.filter.CorsFilter@2b30b25f, org.springframework.security.web.authentication.logout.LogoutFilter@562ec518, latif.userservice.security.jwt.JwtAuthenticationFilter@41f61188, org.springframework.security.web.savedrequest.RequestCacheAwareFilter@5b5e45bc, org.springframework.security.web.servletapi.SecurityContextHolderAwareRequestFilter@452d6fd, org.springframework.security.web.authentication.AnonymousAuthenticationFilter@58dea0a7, org.springframework.security.web.session.SessionManagementFilter@28705150, org.springframework.security.web.access.ExceptionTranslationFilter@6cb2b947, org.springframework.security.web.access.intercept.FilterSecurityInterceptor@2d5b549b]
2021-12-31 14:33:02.892  INFO 7780 --- [main] o.s.s.concurrent.ThreadPoolTaskExecutor  : Initializing ExecutorService 'applicationTaskExecutor'
2021-12-31 14:33:03.288  INFO 7780 --- [main] o.s.b.w.embedded.tomcat.TomcatWebServer  : Tomcat started on port(s): 8080 (http) with context path ''
2021-12-31 14:33:03.290  INFO 7780 --- [main] d.s.w.p.DocumentationPluginsBootstrapper : Context refreshed
2021-12-31 14:33:03.321  INFO 7780 --- [main] d.s.w.p.DocumentationPluginsBootstrapper : Found 1 custom documentation plugin(s)
2021-12-31 14:33:03.382  INFO 7780 --- [main] s.d.s.w.s.ApiListingReferenceScanner     : Scanning for api listing references
2021-12-31 14:33:03.609  INFO 7780 --- [main] l.u.SpringBootBoilerplateApplication     : Started SpringBootBoilerplateApplication in 11.16 seconds (JVM running for 11.866)
